2025-04-26 19:18:38.263 [info] Reading sessions from keychain...
2025-04-26 19:18:38.263 [info] Getting sessions for all scopes...
2025-04-26 19:18:38.263 [info] Getting sessions for all scopes...
2025-04-26 19:18:38.263 [info] Got 0 sessions for ...
2025-04-26 19:18:38.263 [info] Got 0 sessions for ...
2025-04-26 19:18:38.263 [info] Getting sessions for read:user,repo,user:email,workflow...
2025-04-26 19:18:38.263 [info] Got 0 sessions for read:user,repo,user:email,workflow...
2025-04-26 19:20:42.977 [info] Getting sessions for read:user,repo,user:email,workflow...
2025-04-26 19:20:42.977 [info] Got 0 sessions for read:user,repo,user:email,workflow...
2025-04-26 19:20:45.245 [info] Logging in with 'any' account...
2025-04-26 19:20:45.245 [info] Logging in for the following scopes: read:user repo user:email workflow
2025-04-26 19:20:45.253 [info] Trying device code flow... (read:user repo user:email workflow)
2025-04-26 19:22:12.653 [info] Getting user info...
2025-04-26 19:22:13.215 [info] Got account info!
2025-04-26 19:22:13.215 [info] Storing 1 sessions...
2025-04-26 19:22:16.280 [info] Reading sessions from keychain...
2025-04-26 19:22:16.280 [info] Stored 1 sessions!
2025-04-26 19:22:16.280 [info] Login success!
2025-04-26 19:22:16.284 [info] Got stored sessions!
2025-04-26 19:22:16.284 [info] Got 1 verified sessions.
2025-04-26 19:22:16.284 [info] Getting sessions for read:user,repo,user:email,workflow...
2025-04-26 19:22:16.284 [info] Got 1 sessions for read:user,repo,user:email,workflow...
2025-04-26 19:22:17.688 [info] Getting sessions for read:user,repo,user:email,workflow...
2025-04-26 19:22:17.688 [info] Got 1 sessions for read:user,repo,user:email,workflow...
2025-04-26 19:22:17.819 [info] Getting sessions for read:user,repo,user:email,workflow...
2025-04-26 19:22:17.819 [info] Got 1 sessions for read:user,repo,user:email,workflow...
2025-04-26 19:22:17.880 [info] Getting sessions for read:user,repo,user:email,workflow...
2025-04-26 19:22:17.880 [info] Got 1 sessions for read:user,repo,user:email,workflow...
2025-04-26 19:22:18.554 [info] Getting sessions for read:user,repo,user:email,workflow...
2025-04-26 19:22:18.554 [info] Got 1 sessions for read:user,repo,user:email,workflow...
