2025-04-26 18:56:48.375 [info] Getting Manifest... pkief.material-icon-theme
2025-04-26 18:56:51.286 [info] Installing extension: pkief.material-icon-theme {"isMachineScoped":false,"installPreReleaseVersion":false,"pinned":false,"profileLocation":{"$mid":1,"external":"vscode-userdata:/home/wreck/.vscode-oss/extensions/extensions.json","path":"/home/wreck/.vscode-oss/extensions/extensions.json","scheme":"vscode-userdata"},"isApplicationScoped":false,"productVersion":{"version":"1.99.3","date":"2025-04-16T19:59:52.773Z"}}
2025-04-26 18:57:01.740 [error] Could not load vsce-sign module Cannot find package '@vscode/vsce-sign' imported from /usr/lib/code/out/vs/code/electron-utility/sharedProcess/sharedProcessMain.js
2025-04-26 18:57:01.740 [info] Extension signature verification is not done: pkief.material-icon-theme
2025-04-26 18:57:02.059 [info] Extracted extension to file:///home/wreck/.vscode-oss/extensions/pkief.material-icon-theme-5.21.1-universal: pkief.material-icon-theme
2025-04-26 18:57:02.079 [info] Renamed to /home/wreck/.vscode-oss/extensions/pkief.material-icon-theme-5.21.1-universal
2025-04-26 18:57:02.095 [info] Extension installed successfully: pkief.material-icon-theme vscode-userdata:/home/wreck/.vscode-oss/extensions/extensions.json
2025-04-26 18:57:06.159 [info] Getting Manifest... ms-python.python
2025-04-26 18:57:07.685 [info] Installing extension: ms-python.python {"isMachineScoped":false,"installPreReleaseVersion":false,"pinned":false,"profileLocation":{"$mid":1,"external":"vscode-userdata:/home/wreck/.vscode-oss/extensions/extensions.json","path":"/home/wreck/.vscode-oss/extensions/extensions.json","scheme":"vscode-userdata"},"isApplicationScoped":false,"productVersion":{"version":"1.99.3","date":"2025-04-16T19:59:52.773Z"}}
2025-04-26 18:57:08.345 [info] Getting Manifest... ms-python.debugpy
2025-04-26 18:57:10.034 [info] Installing extension: ms-python.debugpy {"isMachineScoped":false,"installPreReleaseVersion":false,"pinned":false,"profileLocation":{"$mid":1,"external":"vscode-userdata:/home/wreck/.vscode-oss/extensions/extensions.json","path":"/home/wreck/.vscode-oss/extensions/extensions.json","scheme":"vscode-userdata"},"isApplicationScoped":false,"productVersion":{"version":"1.99.3","date":"2025-04-16T19:59:52.773Z"},"context":{"dependecyOrPackExtensionInstall":true}}
2025-04-26 18:57:27.433 [error] Could not load vsce-sign module Cannot find package '@vscode/vsce-sign' imported from /usr/lib/code/out/vs/code/electron-utility/sharedProcess/sharedProcessMain.js
2025-04-26 18:57:27.433 [info] Extension signature verification is not done: ms-python.python
2025-04-26 18:57:28.038 [info] Extracted extension to file:///home/wreck/.vscode-oss/extensions/ms-python.python-2025.4.0-universal: ms-python.python
2025-04-26 18:57:28.086 [info] Renamed to /home/wreck/.vscode-oss/extensions/ms-python.python-2025.4.0-universal
2025-04-26 18:57:35.822 [error] Could not load vsce-sign module Cannot find package '@vscode/vsce-sign' imported from /usr/lib/code/out/vs/code/electron-utility/sharedProcess/sharedProcessMain.js
2025-04-26 18:57:35.823 [info] Extension signature verification is not done: ms-python.debugpy
2025-04-26 18:57:36.107 [info] Extracted extension to file:///home/wreck/.vscode-oss/extensions/ms-python.debugpy-2025.6.0-linux-x64: ms-python.debugpy
2025-04-26 18:57:36.128 [info] Renamed to /home/wreck/.vscode-oss/extensions/ms-python.debugpy-2025.6.0-linux-x64
2025-04-26 18:57:36.143 [info] Extension installed successfully: ms-python.python vscode-userdata:/home/wreck/.vscode-oss/extensions/extensions.json
2025-04-26 18:57:36.143 [info] Extension installed successfully: ms-python.debugpy vscode-userdata:/home/wreck/.vscode-oss/extensions/extensions.json
